{"level":"info","message":{"body":{"email":"willyabadquispehuamani@gmail.com","password":"957902342"},"method":"POST","params":"","query":"","url":"/api/user/validate"},"timestamp":"2023-03-23 19:38:04"}
{"level":"info","message":{"body":{"address":"Rivas 820","district":"Santiago","email":"quispeabadquispe@gmail.com","maternallastname":"Quispe","name":"Pedrito","password":"957902342","paternallastname":"Manolo","phone":"982597210","rut":"27.648.009-k"},"method":"POST","params":"","query":"","url":"/api/user/create"},"timestamp":"2023-03-23 19:38:48"}
{"level":"info","message":{"body":{"email":"quispeabadquispe@gmail.com","password":"957902342"},"method":"POST","params":"","query":"","url":"/api/user/validate"},"timestamp":"2023-03-23 19:39:02"}
{"level":"info","message":{"body":{"email":"quispeabadquispe@gmail.com","password":"957902342"},"method":"POST","params":"","query":"","url":"/api/user/validate"},"timestamp":"2023-03-23 19:41:38"}
{"level":"info","message":{"body":{"address":"Rivas 820","district":"Santiago","email":"willyabadquispehuamani@gmail.com","maternallastname":"Marques","name":"Miguel","password":"957902342","paternallastname":"Peres","phone":"982597210","rut":"27.648.009-K"},"method":"POST","params":"","query":"","url":"/api/user/create"},"timestamp":"2023-03-23 19:42:14"}
{"level":"info","message":{"body":"","method":"GET","params":{},"query":{},"url":"/api/user/getAll"},"timestamp":"2023-03-23 20:14:35"}
{"level":"info","message":{"body":"","method":"GET","params":{},"query":{},"url":"/api/user/getAll"},"timestamp":"2023-03-23 20:17:27"}
{"level":"info","message":{"body":"","method":"GET","params":{},"query":{},"url":"/api/user/getAlls"},"timestamp":"2023-03-23 20:17:33"}
{"level":"info","message":{"body":"","method":"GET","params":{},"query":{},"url":"/api/user/getAll"},"timestamp":"2023-03-23 20:17:40"}
{"level":"info","message":{"body":"","method":"GET","params":{},"query":{},"url":"/api/user/getAll"},"timestamp":"2023-03-23 20:19:30"}
{"level":"info","message":{"body":"","method":"GET","params":{},"query":{},"url":"/api/user/getAll"},"timestamp":"2023-03-23 20:19:32"}
{"level":"info","message":{"body":"","method":"GET","params":{},"query":{},"url":"/api/user/getAll"},"timestamp":"2023-03-23 20:19:59"}
{"level":"error","message":{"error":"column \"personx_id\" does not exist","model":"user/getAll"},"timestamp":"2023-03-23 20:19:59"}
{"level":"info","message":{"body":"","method":"GET","params":{},"query":{},"url":"/api/person/getAll"},"timestamp":"2023-03-23 20:20:43"}
{"level":"info","message":{"body":"","method":"GET","params":{},"query":{},"url":"/api/user/getAll"},"timestamp":"2023-03-23 20:21:22"}
{"level":"info","message":{"body":{"email":"quispeabadquispe@gmail.com","password":"957902342"},"method":"POST","params":"","query":"","url":"/api/user/validate"},"timestamp":"2023-03-23 20:22:07"}
{"level":"info","message":{"body":{"address":"Rivas 820","district":"Santiago","email":"willyabadquispehuamani@gmail.com","maternallastname":"Huamani","name":"Willy","password":"957902342","paternallastname":"Quispe","phone":"982597210","rut":"27.648.009-k"},"method":"POST","params":"","query":"","url":"/api/user/create"},"timestamp":"2023-03-23 20:22:40"}
{"level":"info","message":{"body":{"address":"Rivas 820","district":"Santiago","email":"willyabadquispehuamani@gmail.com","maternallastname":"Huamani","name":"Willy","password":"957902342","paternallastname":"Quispe","phone":"982597210","rut":"27.648.009-k"},"method":"POST","params":"","query":"","url":"/api/user/create"},"timestamp":"2023-03-23 20:22:48"}
{"level":"info","message":{"body":{"email":"willyabadquispehuamani@gmail.com","password":"957902342"},"method":"POST","params":"","query":"","url":"/api/user/validate"},"timestamp":"2023-03-23 20:23:20"}
{"level":"info","message":{"body":{"address":"Rivas 820","district":"Santiago","email":"willyabadquispehuamani@gmail.com","maternallastname":"quispe huamani","name":"willy abad","password":"957902342","paternallastname":"quispr","phone":"982597210","rut":"27.648.009-k"},"method":"POST","params":"","query":"","url":"/api/user/create"},"timestamp":"2023-03-23 20:23:59"}
{"level":"info","message":{"body":{"address":"Rivas 820","district":"Santiago","email":"willyabadquispehuamani@gmail.com","maternallastname":"quispe huamani","name":"willy abad","password":"957902342","paternallastname":"quispr","phone":"982597210","rut":"27.648.009-k"},"method":"POST","params":"","query":"","url":"/api/user/create"},"timestamp":"2023-03-23 20:24:04"}
{"level":"info","message":{"body":{"address":"Rivas 820","district":"Santiago","email":"willyabadquispehuamani@gmail.com","maternallastname":"quispe huamani","name":"willy abad","password":"957902342","paternallastname":"quispr","phone":"982597210","rut":"27.648.009-k"},"method":"POST","params":"","query":"","url":"/api/user/create"},"timestamp":"2023-03-23 20:24:04"}
{"level":"info","message":{"body":{"address":"Rivas 820","district":"Santiago","email":"willyabadquispehuamani@gmail.com","maternallastname":"quispe huamani","name":"willy abad","password":"957902342","paternallastname":"quispr","phone":"982597210","rut":"27.648.009-k"},"method":"POST","params":"","query":"","url":"/api/user/create"},"timestamp":"2023-03-23 20:24:05"}
{"level":"info","message":{"body":{"address":"Rivas 820","district":"Santiago","email":"willyabadquispehuamani@gmail.com","maternallastname":"quispe huamani","name":"willy abad","password":"957902342","paternallastname":"quispr","phone":"982597210","rut":"27.648.009-k"},"method":"POST","params":"","query":"","url":"/api/user/create"},"timestamp":"2023-03-23 20:24:05"}
{"level":"info","message":{"body":{"email":"willyabadquispehuamani@gmail.com","password":"957902342"},"method":"POST","params":"","query":"","url":"/api/user/validate"},"timestamp":"2023-03-23 20:26:09"}
{"level":"info","message":{"body":{"address":"Rivas 820","district":"Santiago","email":"willyabadquispehuamani@gmail.com","maternallastname":"quispe huamani","name":"willy abad","password":"957902342","paternallastname":"quispr","phone":"982597210","rut":"27.648.009-k"},"method":"POST","params":"","query":"","url":"/api/user/create"},"timestamp":"2023-03-23 20:26:35"}
{"level":"info","message":{"body":{"email":"willyabadquispehuamani@gmail.com","password":"957902342"},"method":"POST","params":"","query":"","url":"/api/user/validate"},"timestamp":"2023-03-23 20:26:47"}
{"level":"info","message":{"body":{"address":"Rivas 820","district":"Santiago","email":"willyabadquispehuamani@gmail.com","maternallastname":"quispe huamani","name":"willy abad","password":"957902342","paternallastname":"quispr","phone":"982597210","rut":"27.648.009-k"},"method":"POST","params":"","query":"","url":"/api/user/create"},"timestamp":"2023-03-23 20:28:53"}
{"level":"info","message":{"body":{"email":"willyabadquispehuamani@gmail.com","password":"957902342"},"method":"POST","params":"","query":"","url":"/api/user/validate"},"timestamp":"2023-03-23 20:30:00"}
{"level":"info","message":{"body":{"email":"quispeabadquispe@gmail.com","password":"957902342"},"method":"POST","params":"","query":"","url":"/api/user/validate"},"timestamp":"2023-03-23 20:30:13"}
{"level":"info","message":{"body":{"email":"quispeabadquispe@gmail.com","password":"957902342"},"method":"POST","params":"","query":"","url":"/api/user/validate"},"timestamp":"2023-03-23 20:30:14"}
{"level":"info","message":{"body":{"email":"willyabadquispehuamani@gmail.com","password":"957902342"},"method":"POST","params":"","query":"","url":"/api/user/validate"},"timestamp":"2023-03-23 20:31:05"}
{"level":"info","message":{"body":{"address":"Rivas 820","district":"Santiago","email":"willyabadquispehuamani@gmail.com","maternallastname":"quispe huamani","name":"willy abad","password":"957902342","paternallastname":"quispr","phone":"982597210","rut":"27.648.009-k"},"method":"POST","params":"","query":"","url":"/api/user/create"},"timestamp":"2023-03-23 20:31:19"}
{"level":"info","message":{"body":{"email":"willyabadquispehuamani@gmail.com","password":"957902342"},"method":"POST","params":"","query":"","url":"/api/user/validate"},"timestamp":"2023-03-23 20:31:37"}
{"level":"info","message":{"body":{"address":"Santiago","district":"San","email":"willypruebas6@gmail.com","maternallastname":"Huamani","name":"Abad","password":"willy","paternallastname":"Quispe","phone":"+569 4988 5135","rut":"95790234-8"},"method":"POST","params":"","query":"","url":"/api/user/create"},"timestamp":"2023-03-23 20:34:32"}
{"level":"info","message":{"body":{"email":"willypruebas6@gmail.com","password":"willy"},"method":"POST","params":"","query":"","url":"/api/user/validate"},"timestamp":"2023-03-23 20:35:05"}
{"level":"info","message":{"body":{"address":"Rivas 820","district":"Santiago","email":"willyabadquispehuamani@gmail.com","maternalLastName":"quispe huamani","name":"Abad","password":"957902342","paternalLastName":"quispr","phone":"982597210","rut":"27.648.009-k"},"method":"POST","params":"","query":"","url":"/api/user/create"},"timestamp":"2023-03-23 20:35:39"}
{"level":"error","message":{"error":"null value in column \"paternallastname\" of relation \"person\" violates not-null constraint","model":"user/createPerson"},"timestamp":"2023-03-23 20:35:40"}
{"level":"info","message":{"body":{"email":"willyabadquispehuamani@gmail.com","password":"957902342"},"method":"POST","params":"","query":"","url":"/api/user/validate"},"timestamp":"2023-03-23 20:36:01"}
{"level":"info","message":{"body":{"address":"Santiago","district":"San","email":"willypruebas6@gmail.com","maternallastname":"Huamani","name":"Abad","password":"willy","paternallastname":"Quispe","phone":"+569 4988 5135","rut":"95790234-8"},"method":"POST","params":"","query":"","url":"/api/user/create"},"timestamp":"2023-03-23 20:37:11"}
{"level":"info","message":{"body":{"address":"Rivas 820","district":"Santiago","email":"willyabadquispehuamani@gmail.com","maternalLastName":"quispe huamani","name":"abad","password":"957902342","paternalLastName":"quispr","phone":"982597210","rut":"27.648.009-k"},"method":"POST","params":"","query":"","url":"/api/user/create"},"timestamp":"2023-03-23 20:38:00"}
{"level":"error","message":{"error":"null value in column \"paternallastname\" of relation \"person\" violates not-null constraint","model":"user/createPerson"},"timestamp":"2023-03-23 20:38:01"}
{"level":"info","message":{"body":{"address":"Rivas 820","district":"Santiago","email":"willyabadquispehuamani@gmail.com","maternalLastName":"quispe huamani","name":"abad","password":"957902342","paternalLastName":"quispr","phone":"982597210","rut":"27.648.009-k"},"method":"POST","params":"","query":"","url":"/api/user/create"},"timestamp":"2023-03-23 20:39:54"}
{"level":"info","message":{"body":{"email":"willyabadquispehuamani@gmail.com","password":"957902342"},"method":"POST","params":"","query":"","url":"/api/user/validate"},"timestamp":"2023-03-23 20:40:11"}
{"level":"info","message":{"body":{"address":"Rivas 820","district":"Santiago","email":"willyabadquispehuamani@gmail.com","maternalLastName":"quispe huamani","name":"willy abad","password":"957902342","paternalLastName":"quispr","phone":"982597210","rut":"27.648.009-k"},"method":"POST","params":"","query":"","url":"/api/user/create"},"timestamp":"2023-03-23 20:40:34"}
{"level":"info","message":{"body":{"address":"Santiago","district":"San","email":"willypruebas6@gmail.com","maternallastname":"Huamani","name":"Abad","password":"willy","paternallastname":"Quispe","phone":"+569 4988 5135","rut":"95790234-8"},"method":"POST","params":"","query":"","url":"/api/user/create"},"timestamp":"2023-03-23 20:40:43"}
{"level":"error","message":{"error":"null value in column \"paternallastname\" of relation \"person\" violates not-null constraint","model":"user/createPerson"},"timestamp":"2023-03-23 20:40:43"}
{"level":"info","message":{"body":{"address":"Santiago","district":"San","email":"willypruebas6@gmail.com","maternallastname":"Huamani","name":"Abad","password":"willy","paternallastname":"Quispe","phone":"+569 4988 5135","rut":"95790234-8"},"method":"POST","params":"","query":"","url":"/api/user/create"},"timestamp":"2023-03-23 20:41:17"}
{"level":"info","message":{"body":{"address":"Santiago","district":"San Miguel","email":"Abad@gmail.com","maternallastname":"Huamani","name":"Abad","paternallastname":"Quispe","phone":"+569 4988 5135","rut":"95790234-8"},"method":"POST","params":"","query":"","url":"/api/person/create"},"timestamp":"2023-03-23 20:41:45"}
{"level":"error","message":{"error":"null value in column \"paternallastname\" of relation \"person\" violates not-null constraint","model":"person/create"},"timestamp":"2023-03-23 20:41:45"}
{"level":"info","message":{"body":{"address":"Santiago","district":"San Miguel","email":"Abad@gmail.com","maternallastname":"Huamani","name":"Abad","paternallastname":"Quispe","phone":"+569 4988 5135","rut":"95790234-8"},"method":"POST","params":"","query":"","url":"/api/person/create"},"timestamp":"2023-03-23 20:43:13"}
{"level":"error","message":{"error":"null value in column \"paternallastname\" of relation \"person\" violates not-null constraint","model":"person/create"},"timestamp":"2023-03-23 20:43:13"}
{"level":"info","message":{"body":{"address":"Santiago","district":"San Miguel","email":"Abad@gmail.com","maternallastname":"Huamani","name":"Abad","paternallastname":"Quispe","phone":"+569 4988 5135","rut":"95790234-8"},"method":"POST","params":"","query":"","url":"/api/person/create"},"timestamp":"2023-03-23 20:45:01"}
{"level":"info","message":{"body":{"address":"Rivas 820","district":"Santiago","email":"willyabadquispehuamani@gmail.com","maternalLastName":"quispe huamani","name":"willy abad","password":"957902342","paternalLastName":"quispr","phone":"982597210","rut":"27.648.009-k"},"method":"POST","params":"","query":"","url":"/api/user/create"},"timestamp":"2023-03-23 20:45:15"}
{"level":"error","message":{"error":"null value in column \"paternallastname\" of relation \"person\" violates not-null constraint","model":"user/createPerson"},"timestamp":"2023-03-23 20:45:15"}
{"level":"info","message":{"body":{"address":"Santiago","district":"San","email":"willypruebas6@gmail.com","maternallastname":"Huamani","name":"Abad","password":"willy","paternallastname":"Quispe","phone":"+569 4988 5135","rut":"95790234-8"},"method":"POST","params":"","query":"","url":"/api/user/create"},"timestamp":"2023-03-23 20:45:46"}
{"level":"info","message":{"body":{"email":"willyabadquispehuamani@gmail.com","password":"957902342"},"method":"POST","params":"","query":"","url":"/api/user/validate"},"timestamp":"2023-03-23 20:47:16"}
{"level":"info","message":{"body":{"address":"Rivas 820","district":"Santiago","email":"willyabadquispehuamani@gmail.com","maternallastname":"quispe huamani","name":"willy abad","password":"957902342","paternallastname":"quispr","phone":"982597210","rut":"27.648.009-k"},"method":"POST","params":"","query":"","url":"/api/user/create"},"timestamp":"2023-03-23 20:47:34"}
{"level":"info","message":{"body":{"email":"willyabadquispehuamani@gmail.com","password":"957902342"},"method":"POST","params":"","query":"","url":"/api/user/validate"},"timestamp":"2023-03-23 20:47:48"}
{"level":"info","message":{"body":{"email":"willyabadquispehuamani@gmail.com","password":"957902342"},"method":"POST","params":"","query":"","url":"/api/user/validate"},"timestamp":"2023-03-23 20:49:26"}
{"level":"info","message":{"body":{"address":"Rivas 820","district":"Santiago","email":"willyabadquispehuamani@gmail.com","maternalLastName":"quispe huamani","name":"willy abad","password":"957902342","paternalLastName":"quispr","phone":"982597210","rut":"27.648.009-k"},"method":"POST","params":"","query":"","url":"/api/user/create"},"timestamp":"2023-03-23 20:49:44"}
{"level":"error","message":{"error":"null value in column \"paternallastname\" of relation \"person\" violates not-null constraint","model":"user/createPerson"},"timestamp":"2023-03-23 20:49:45"}
{"level":"info","message":{"body":{"email":"willyabadquispehuamani@gmail.com","password":"957902342"},"method":"POST","params":"","query":"","url":"/api/user/validate"},"timestamp":"2023-03-23 20:52:58"}
{"level":"info","message":{"body":{"address":"Rivas 820","district":"Santiago","email":"willyabadquispehuamani@gmail.com","maternallastname":"quispe huamani","name":"willy abad","password":"957902342","paternallastname":"quispr","phone":"982597210","rut":"27.648.009-k"},"method":"POST","params":"","query":"","url":"/api/user/create"},"timestamp":"2023-03-23 20:53:17"}
{"level":"info","message":{"body":{"email":"willyabadquispehuamani@gmail.com","password":"957902342"},"method":"POST","params":"","query":"","url":"/api/user/validate"},"timestamp":"2023-03-23 20:53:39"}
{"level":"info","message":{"body":"","method":"GET","params":{},"query":{},"url":"/api/person/getByEmail/willyabadquispehuamani@gmail.com"},"timestamp":"2023-03-23 20:53:58"}
{"level":"info","message":{"body":{"address":"Santiago","district":"San","email":"willypruebas6@gmail.com","maternallastname":"Huamani","name":"Abad","password":"willy","paternallastname":"Quispe","phone":"+569 4988 5135","rut":"95790234-8"},"method":"POST","params":"","query":"","url":"/api/user/create"},"timestamp":"2023-03-23 20:54:12"}
{"level":"info","message":{"body":{"address":"Santiago","district":"San","email":"willypruebas6@gmail.com","maternallastname":"Huamani","name":"Abad","password":"willy","paternallastname":"Quispe","phone":"+569 4988 5135","rut":"95790234-8"},"method":"POST","params":"","query":"","url":"/api/user/create"},"timestamp":"2023-03-23 20:57:06"}
{"level":"error","message":{"error":"null value in column \"paternallastname\" of relation \"person\" violates not-null constraint","model":"user/createPerson"},"timestamp":"2023-03-23 20:57:06"}
{"level":"info","message":{"body":{"address":"Santiago","district":"San","email":"willypruebas6@gmail.com","maternalLastName":"Huamani","name":"Abad","password":"willy","paternalLastName":"Quispe","phone":"+569 4988 5135","rut":"95790234-8"},"method":"POST","params":"","query":"","url":"/api/user/create"},"timestamp":"2023-03-23 20:57:26"}
{"level":"info","message":{"body":{"address":"Santiago","district":"San Miguel","email":"Abad@gmail.com","maternallastname":"Huamani","name":"Abad","paternallastname":"Quispe","phone":"+569 4988 5135","rut":"95790234-8"},"method":"POST","params":"","query":"","url":"/api/person/create"},"timestamp":"2023-03-23 20:58:27"}
{"level":"info","message":{"body":{"address":"Santiago","district":"San Miguel","email":"Abad@gmail.com","maternallastname":"Huamani","name":"Abad","paternallastname":"Quispe","phone":"+569 4988 5135","rut":"95790234-8"},"method":"POST","params":"","query":"","url":"/api/person/create"},"timestamp":"2023-03-23 20:59:02"}
{"level":"error","message":{"error":"null value in column \"paternallastname\" of relation \"person\" violates not-null constraint","model":"person/create"},"timestamp":"2023-03-23 20:59:02"}
{"level":"info","message":{"body":{"address":"Santiago","district":"San Miguel","email":"Abad@gmail.com","maternalLastName":"Huamani","name":"Abad","paternalLastName":"Quispe","phone":"+569 4988 5135","rut":"95790234-8"},"method":"POST","params":"","query":"","url":"/api/person/create"},"timestamp":"2023-03-23 20:59:13"}
{"level":"info","message":{"body":{"email":"willyabadquispehuamani@gmail.com","password":"957902342"},"method":"POST","params":"","query":"","url":"/api/user/validate"},"timestamp":"2023-03-23 20:59:50"}
{"level":"info","message":{"body":{"address":"Rivas 820","district":"Santiago","email":"willypruebas6@gmail.com","maternalLastName":"quispe huamani","name":"willy abad","password":"957902342","paternalLastName":"quispr","phone":"982597210","rut":"95.790.234-8"},"method":"POST","params":"","query":"","url":"/api/user/create"},"timestamp":"2023-03-23 21:00:57"}
{"level":"info","message":{"body":{"email":"willypruebas6@gmail.com","password":"957902342"},"method":"POST","params":"","query":"","url":"/api/user/validate"},"timestamp":"2023-03-23 21:01:11"}
{"level":"info","message":{"body":{"address":"Rivas 820","district":"Santiago","email":"willyabadquispehuamani@gmail.com","maternalLastName":"quispe huamani","name":"willy abad","password":"957902342","paternalLastName":"quispr","phone":"982597210","rut":"27.648.009-k"},"method":"POST","params":"","query":"","url":"/api/user/create"},"timestamp":"2023-03-23 21:01:32"}
{"level":"info","message":{"body":{"email":"willyabadquispehuamani@gmail.com","password":"957902342"},"method":"POST","params":"","query":"","url":"/api/user/validate"},"timestamp":"2023-03-23 21:01:43"}
{"level":"info","message":{"body":{"email":"willypruebas6@gmail.com","password":"957902342"},"method":"POST","params":"","query":"","url":"/api/user/validate"},"timestamp":"2023-03-23 21:02:03"}
{"level":"info","message":{"body":{"address":"Rivas 820","district":"Santiago","email":"willypruebas6@gmail.com","maternalLastName":"quispe huamani","name":"willy sand","password":"957902342","paternalLastName":"quispe","phone":"982597210","rut":"95.790.234-8"},"method":"POST","params":"","query":"","url":"/api/user/create"},"timestamp":"2023-03-23 21:02:42"}
{"level":"info","message":{"body":{"email":"willypruebas6@gmail.com","password":"957902342"},"method":"POST","params":"","query":"","url":"/api/user/validate"},"timestamp":"2023-03-23 21:03:01"}
{"level":"info","message":{"body":"","method":"GET","params":{},"query":{},"url":"/api/user/getAll"},"timestamp":"2023-03-24 17:05:20"}
{"level":"error","message":{"error":"syntax error at or near \"RETURNING\"","model":"user/getAll"},"timestamp":"2023-03-24 17:05:20"}
{"level":"info","message":{"body":"","method":"GET","params":{},"query":{},"url":"/api/user/getAll"},"timestamp":"2023-03-24 17:05:50"}
