{"level":"info","message":{"body":"","method":"GET","params":{},"query":{},"url":"/api/person/getByEmail/willyabadquispehuamani@gmsail.com"},"timestamp":"2023-03-17 18:02:06"}
{"level":"info","message":{"body":"","method":"GET","params":{},"query":{},"url":"/api/person/getByEmail/willyabadquispehuamani@gmail.com"},"timestamp":"2023-03-17 18:02:34"}
{"level":"info","message":{"body":{"email":"willypruebas6gmail.com","password":"EFGHIJK"},"method":"POST","params":"","query":"","url":"/api/user/validate"},"timestamp":"2023-03-17 19:58:19"}
{"level":"info","message":{"body":{"email":"willyabadquispehuamani","password":"Abad957902342..."},"method":"POST","params":"","query":"","url":"/api/user/validate"},"timestamp":"2023-03-17 19:58:46"}
{"level":"info","message":{"body":{"email":"willyabadquispehuamani@gmail.com","password":"Abad957902342..."},"method":"POST","params":"","query":"","url":"/api/user/validate"},"timestamp":"2023-03-17 19:58:59"}
{"level":"info","message":{"body":{"email":"willyabadquispehuamani@gmail.com","password":"Abad957902342..."},"method":"POST","params":"","query":"","url":"/api/user/validate"},"timestamp":"2023-03-17 20:04:49"}
{"level":"info","message":{"body":{"email":"willyabadquispehuamani@gmal.com","password":"Abad957902342..."},"method":"POST","params":"","query":"","url":"/api/user/validate"},"timestamp":"2023-03-17 20:05:00"}
{"level":"info","message":{"body":{"email":"willyabadquispehuamani@gmail.com","password":"Abad957902342..."},"method":"POST","params":"","query":"","url":"/api/user/validate"},"timestamp":"2023-03-17 20:05:19"}
{"level":"info","message":{"body":{"email":"willyabadquispehuamani@gmail.com","password":"Abad95790234i2..."},"method":"POST","params":"","query":"","url":"/api/user/validate"},"timestamp":"2023-03-17 20:05:23"}
{"level":"info","message":{"body":{"email":"willyabadquispehuamani@gmail.com","password":"Abad957902342..."},"method":"POST","params":"","query":"","url":"/api/user/validate"},"timestamp":"2023-03-17 20:05:42"}
{"level":"info","message":{"body":{"email":"willyabadquispehuamani@gmail.com","password":"Abad957902342..55."},"method":"POST","params":"","query":"","url":"/api/user/validate"},"timestamp":"2023-03-17 20:05:47"}
{"level":"info","message":{"body":{"email":"willyabadquispehuamani@gmail.com","password":"Abad957902342..55."},"method":"POST","params":"","query":"","url":"/api/user/validate"},"timestamp":"2023-03-17 20:07:44"}
{"level":"info","message":{"body":{"email":"willyabadquispehuamani@gmail.com","password":"Abad957902342..55."},"method":"POST","params":"","query":"","url":"/api/user/validate"},"timestamp":"2023-03-17 20:09:35"}
{"level":"info","message":{"body":{"email":"willyabadquispehuamani@gmail.com","password":"Abad957902342..55."},"method":"POST","params":"","query":"","url":"/api/user/validate"},"timestamp":"2023-03-17 20:10:28"}
{"level":"info","message":{"body":{"email":"willyabadquispehuamani@gmail.com","password":"Abad957902342..."},"method":"POST","params":"","query":"","url":"/api/user/validate"},"timestamp":"2023-03-17 20:11:47"}
{"level":"info","message":{"body":{"email":"willyabadquispehuamani@gmail.com","password":"Abad957902342.x.."},"method":"POST","params":"","query":"","url":"/api/user/validate"},"timestamp":"2023-03-17 20:11:52"}
{"level":"info","message":{"body":{"email":"willyabadquispehuamani@gmail.scom","password":"Abad957902342..."},"method":"POST","params":"","query":"","url":"/api/user/validate"},"timestamp":"2023-03-17 20:12:00"}
{"level":"info","message":{"body":{"email":"willyabadquispehuamani@gmail.com","password":""},"method":"POST","params":"","query":"","url":"/api/user/validate"},"timestamp":"2023-03-17 20:12:08"}
{"level":"info","message":{"body":{"email":"willyabadquispehuamani@gmail.com","password":""},"method":"POST","params":"","query":"","url":"/api/user/validate"},"timestamp":"2023-03-17 20:12:47"}
{"level":"info","message":{"body":{"email":"willyabadquispehuamani@gmail.com","password":""},"method":"POST","params":"","query":"","url":"/api/user/validate"},"timestamp":"2023-03-17 20:13:56"}
{"level":"info","message":{"body":{"email":"willyabadquispehuamani@gmail.com","password":"s"},"method":"POST","params":"","query":"","url":"/api/user/validate"},"timestamp":"2023-03-17 20:14:01"}
{"level":"info","message":{"body":{"email":"willyabadquispehuamani@gmail.com","password":"s"},"method":"POST","params":"","query":"","url":"/api/user/validate"},"timestamp":"2023-03-17 20:14:54"}
{"level":"info","message":{"body":{"email":"willyabadquispehuamani@gmail.com","password":"s"},"method":"POST","params":"","query":"","url":"/api/user/validate"},"timestamp":"2023-03-17 20:18:20"}
{"level":"info","message":{"body":{"email":"willyabadquispehuama}ni@gmail.com","password":"s"},"method":"POST","params":"","query":"","url":"/api/user/validate"},"timestamp":"2023-03-17 20:18:28"}
{"level":"info","message":{"body":{"email":"willyabadquispehuamani@gmail.com","password":"Abad957902342..."},"method":"POST","params":"","query":"","url":"/api/user/validate"},"timestamp":"2023-03-17 20:18:39"}
