{"level":"info","message":{"body":"","method":"GET","params":{},"query":{},"url":"/api/user/getAll"},"timestamp":"2023-03-16 20:19:57"}
{"level":"info","message":{"body":{"email":"willypruebas6@gmail.com","password":"EFGHIJK"},"method":"POST","params":"","query":"","url":"/api/user/validate"},"timestamp":"2023-03-16 21:15:50"}
{"level":"info","message":{"body":{"email":"willypruebas6@gmail.com","password":"EFGHIJK"},"method":"POST","params":"","query":"","url":"/api/user/validate"},"timestamp":"2023-03-16 21:46:48"}
{"level":"info","message":{"body":{"email":"willypruebas6@gmail.com","password":"EFGHIJK"},"method":"POST","params":"","query":"","url":"/api/user/validate"},"timestamp":"2023-03-16 21:47:01"}
{"level":"info","message":{"body":{"email":"willypruebas6@gmailcom","password":"EFGHIJK"},"method":"POST","params":"","query":"","url":"/api/user/validate"},"timestamp":"2023-03-16 21:47:08"}
{"level":"error","message":{"error":false,"model":"user/getByEmail"},"timestamp":"2023-03-16 21:47:08"}
{"level":"info","message":{"body":{"email":"willypruebas6@gmailcom","password":"EFGHIJK"},"method":"POST","params":"","query":"","url":"/api/user/validate"},"timestamp":"2023-03-16 21:47:21"}
{"level":"error","message":{"error":false,"model":"user/getByEmail"},"timestamp":"2023-03-16 21:47:22"}
{"level":"info","message":{"body":{"email":"willypruebas6@gmailcom","password":"EFGHIJK"},"method":"POST","params":"","query":"","url":"/api/user/validate"},"timestamp":"2023-03-16 21:47:23"}
{"level":"error","message":{"error":false,"model":"user/getByEmail"},"timestamp":"2023-03-16 21:47:23"}
{"level":"info","message":{"body":{"email":"willypruebas6@gmailcom","password":"EFGHIJK"},"method":"POST","params":"","query":"","url":"/api/user/validate"},"timestamp":"2023-03-16 21:47:25"}
{"level":"error","message":{"error":false,"model":"user/getByEmail"},"timestamp":"2023-03-16 21:47:25"}
{"level":"info","message":{"body":{"email":"willypruebas6@gmail.com","password":"EFGHIJK"},"method":"POST","params":"","query":"","url":"/api/user/validate"},"timestamp":"2023-03-16 21:47:44"}
{"level":"info","message":{"body":{"email":"willyruebas6@gmail.com","password":"EFGHIJK"},"method":"POST","params":"","query":"","url":"/api/user/validate"},"timestamp":"2023-03-16 21:48:48"}
{"level":"error","message":{"error":false,"model":"user/getByEmail"},"timestamp":"2023-03-16 21:48:48"}
{"level":"info","message":{"body":{"email":"willypruebas@gmail.com","password":"EFGHIJK"},"method":"POST","params":"","query":"","url":"/api/user/validate"},"timestamp":"2023-03-16 21:49:35"}
{"level":"error","message":{"error":false,"model":"user/getByEmail"},"timestamp":"2023-03-16 21:49:36"}
{"level":"info","message":{"body":{"email":"willypruebas@gmail.com","password":"EFGHIJK"},"method":"POST","params":"","query":"","url":"/api/user/validate"},"timestamp":"2023-03-16 21:53:46"}
{"level":"error","message":{"error":false,"model":"user/getByEmail"},"timestamp":"2023-03-16 21:53:46"}
{"level":"info","message":{"body":{"email":"willypruebas@gmail.com","password":"EFGHIJK"},"method":"POST","params":"","query":"","url":"/api/user/validate"},"timestamp":"2023-03-16 21:54:52"}
{"level":"error","message":{"error":false,"model":"user/getByEmail"},"timestamp":"2023-03-16 21:54:52"}
{"level":"info","message":{"body":{"email":"willypruebas@gmail.com","password":"EFGHIJK"},"method":"POST","params":"","query":"","url":"/api/user/validate"},"timestamp":"2023-03-16 21:55:30"}
{"level":"error","message":{"error":false,"model":"user/getByEmail"},"timestamp":"2023-03-16 21:55:30"}
{"level":"info","message":{"body":{"email":"willyruebas6@gmail.com","password":"EFGHIJK"},"method":"POST","params":"","query":"","url":"/api/user/validate"},"timestamp":"2023-03-16 21:56:38"}
{"level":"error","message":{"error":false,"model":"user/getByEmail"},"timestamp":"2023-03-16 21:56:38"}
{"level":"info","message":{"body":{"email":"willypruebas6@gmail.com","password":"EFGHIJK"},"method":"POST","params":"","query":"","url":"/api/user/validate"},"timestamp":"2023-03-16 21:56:44"}
{"level":"info","message":{"body":{"email":"willyprebas6@gmail.com","password":"EFGHIJK"},"method":"POST","params":"","query":"","url":"/api/user/validate"},"timestamp":"2023-03-16 21:56:49"}
{"level":"error","message":{"error":false,"model":"user/getByEmail"},"timestamp":"2023-03-16 21:56:49"}
{"level":"info","message":{"body":{"email":"willypruebas@gmail.com","password":"EFGHIJK"},"method":"POST","params":"","query":"","url":"/api/user/validate"},"timestamp":"2023-03-16 21:58:53"}
{"level":"error","message":{"error":false,"model":"user/getByEmail"},"timestamp":"2023-03-16 21:58:53"}
{"level":"info","message":{"body":{"email":"willypruebas6@gmail.com","password":"EFGHIJK"},"method":"POST","params":"","query":"","url":"/api/user/validate"},"timestamp":"2023-03-16 21:59:01"}
{"level":"info","message":{"body":{"email":"willypruebas@gmail.com","password":"EFGHIJK"},"method":"POST","params":"","query":"","url":"/api/user/validate"},"timestamp":"2023-03-16 21:59:07"}
{"level":"error","message":{"error":false,"model":"user/getByEmail"},"timestamp":"2023-03-16 21:59:07"}
{"level":"info","message":{"body":{"email":"willypruebas@gmail.com","password":"EFGHIJK"},"method":"POST","params":"","query":"","url":"/api/user/validate"},"timestamp":"2023-03-16 21:59:33"}
{"level":"error","message":{"error":false,"model":"user/getByEmail"},"timestamp":"2023-03-16 21:59:33"}
{"level":"info","message":{"body":{"email":"willypruebas6@gmail.com","password":"EFGHIJK"},"method":"POST","params":"","query":"","url":"/api/user/validate"},"timestamp":"2023-03-16 21:59:40"}
{"level":"info","message":{"body":{"email":"willyprebas6@gmail.com","password":"EFGHIJK"},"method":"POST","params":"","query":"","url":"/api/user/validate"},"timestamp":"2023-03-16 21:59:46"}
{"level":"error","message":{"error":false,"model":"user/getByEmail"},"timestamp":"2023-03-16 21:59:46"}
{"level":"info","message":{"body":{"email":"willypruebas6@gmail.com","password":"EFGHIJK"},"method":"POST","params":"","query":"","url":"/api/user/validate"},"timestamp":"2023-03-16 21:59:52"}
{"level":"info","message":{"body":{"email":"willypruebas6@gail.com","password":"EFGHIJK"},"method":"POST","params":"","query":"","url":"/api/user/validate"},"timestamp":"2023-03-16 21:59:56"}
{"level":"error","message":{"error":false,"model":"user/getByEmail"},"timestamp":"2023-03-16 21:59:56"}
{"level":"info","message":{"body":{"email":"willypruebas6@gail.com","password":"EFGHIJK"},"method":"POST","params":"","query":"","url":"/api/user/validate"},"timestamp":"2023-03-16 22:00:51"}
{"level":"error","message":{"error":false,"model":"user/getByEmail"},"timestamp":"2023-03-16 22:00:51"}
{"level":"info","message":{"body":{"email":"willypruebas6@gmail.com","password":"EFGHIJK"},"method":"POST","params":"","query":"","url":"/api/user/validate"},"timestamp":"2023-03-16 22:01:10"}
{"level":"info","message":{"body":{"email":"willypruebas6@gmail.com","password":"EFGHIJ"},"method":"POST","params":"","query":"","url":"/api/user/validate"},"timestamp":"2023-03-16 22:01:20"}
{"level":"info","message":{"body":{"email":"willypruebas6@gmail.com","password":"EFGHIJ"},"method":"POST","params":"","query":"","url":"/api/user/validate"},"timestamp":"2023-03-16 22:01:26"}
{"level":"info","message":{"body":{"email":"willypruebas6@gmail.com","password":"EFGHIJ"},"method":"POST","params":"","query":"","url":"/api/user/validate"},"timestamp":"2023-03-16 22:01:34"}
{"level":"info","message":{"body":{"email":"willypruebas6@gmail.com","password":"EFGHIJK"},"method":"POST","params":"","query":"","url":"/api/user/validate"},"timestamp":"2023-03-16 22:01:41"}
{"level":"info","message":{"body":{"email":"willypruebas6@gmail.com","password":"EFGHIJK"},"method":"POST","params":"","query":"","url":"/api/user/validate"},"timestamp":"2023-03-16 22:03:13"}
{"level":"info","message":{"body":{"email":"willypruebas6@gmail.com","password":"EFGHIJK"},"method":"POST","params":"","query":"","url":"/api/user/validate"},"timestamp":"2023-03-16 22:03:30"}
{"level":"info","message":{"body":{"email":"willypruebas6@gmal.com","password":"EFGHIJK"},"method":"POST","params":"","query":"","url":"/api/user/validate"},"timestamp":"2023-03-16 22:03:36"}
{"level":"error","message":{"error":false,"model":"user/getByEmail"},"timestamp":"2023-03-16 22:03:36"}
{"level":"info","message":{"body":{"email":"willypruebas6@gmil.com","password":"EFGHIJK"},"method":"POST","params":"","query":"","url":"/api/user/validate"},"timestamp":"2023-03-16 22:04:11"}
{"level":"error","message":{"error":false,"model":"user/getByEmail"},"timestamp":"2023-03-16 22:04:12"}
{"level":"info","message":{"body":{"email":"willypruebas6@gmail.com","password":"EFGHIJK"},"method":"POST","params":"","query":"","url":"/api/user/validate"},"timestamp":"2023-03-16 22:04:23"}
{"level":"info","message":{"body":{"email":"willypruebas6@gmail.com","password":"EFGHIJK"},"method":"POST","params":"","query":"","url":"/api/user/validate"},"timestamp":"2023-03-16 22:04:32"}
{"level":"info","message":{"body":{"email":"willypruebas6@gmail.com","password":"EFGHIJ4444"},"method":"POST","params":"","query":"","url":"/api/user/validate"},"timestamp":"2023-03-16 22:04:38"}
{"level":"info","message":{"body":{"email":"willypruebas6@gmail.comlll","password":"EFGHIJ4444"},"method":"POST","params":"","query":"","url":"/api/user/validate"},"timestamp":"2023-03-16 22:04:48"}
{"level":"error","message":{"error":false,"model":"user/getByEmail"},"timestamp":"2023-03-16 22:04:48"}
{"level":"info","message":{"body":{"email":"willyp}ebas6@gmail.com","password":"EFGHIJK"},"method":"POST","params":"","query":"","url":"/api/user/validate"},"timestamp":"2023-03-16 22:07:57"}
{"level":"error","message":{"error":false,"model":"user/getByEmail"},"timestamp":"2023-03-16 22:07:57"}
{"level":"info","message":{"body":{"email":"willypebas6@gmail.com","password":"EFGHIJK"},"method":"POST","params":"","query":"","url":"/api/user/validate"},"timestamp":"2023-03-16 22:08:02"}
{"level":"error","message":{"error":false,"model":"user/getByEmail"},"timestamp":"2023-03-16 22:08:03"}
{"level":"info","message":{"body":{"email":"willypruebas6@gmail.com","password":"EFGHIJK"},"method":"POST","params":"","query":"","url":"/api/user/validate"},"timestamp":"2023-03-16 22:08:19"}
{"level":"info","message":{"body":{"email":"willypruebas6@gmail.com","password":"EFGHIJK"},"method":"POST","params":"","query":"","url":"/api/user/validate"},"timestamp":"2023-03-16 22:09:56"}
{"level":"info","message":{"body":{"email":"willypruebas6@gmail.com","password":"EFGHIJK5555"},"method":"POST","params":"","query":"","url":"/api/user/validate"},"timestamp":"2023-03-16 22:10:29"}
{"level":"info","message":{"body":{"email":"willypruebas6@gmai444l.com","password":"EFGHIJK5555"},"method":"POST","params":"","query":"","url":"/api/user/validate"},"timestamp":"2023-03-16 22:10:52"}
{"level":"error","message":{"error":false,"model":"user/getByEmail"},"timestamp":"2023-03-16 22:10:52"}
{"level":"info","message":{"body":{"email":"willypruebas6@gmail.com","password":"EFGHIJK"},"method":"POST","params":"","query":"","url":"/api/user/validate"},"timestamp":"2023-03-16 22:11:38"}
{"level":"info","message":{"body":{"email":"willypruebas6@gma5il.com","password":"EFGHIJK"},"method":"POST","params":"","query":"","url":"/api/user/validate"},"timestamp":"2023-03-16 22:11:43"}
{"level":"error","message":{"error":false,"model":"user/getByEmail"},"timestamp":"2023-03-16 22:11:43"}
{"level":"info","message":{"body":{"email":"willypruebas6@gmail.com","password":"EFGHIJK"},"method":"POST","params":"","query":"","url":"/api/user/validate"},"timestamp":"2023-03-16 22:17:05"}
{"level":"info","message":{"body":{"email":"willypruebas6gmail.com","password":"EFGHIJK"},"method":"POST","params":"","query":"","url":"/api/user/validate"},"timestamp":"2023-03-16 22:17:11"}
{"level":"info","message":{"body":{"email":"willypruebas6@gmail.com","password":"EFGHIJK"},"method":"POST","params":"","query":"","url":"/api/user/validate"},"timestamp":"2023-03-16 22:17:24"}
{"level":"info","message":{"body":{"email":"willypruebas6@gmail.co","password":"EFGHIJK"},"method":"POST","params":"","query":"","url":"/api/user/validate"},"timestamp":"2023-03-16 22:17:32"}
{"level":"info","message":{"body":{"email":"willypruebas6@gmail.co","password":"EFGHIJK"},"method":"POST","params":"","query":"","url":"/api/user/validate"},"timestamp":"2023-03-16 22:19:12"}
{"level":"info","message":{"body":{"email":"willypruebas6@gail.com","password":"EFGHIJK"},"method":"POST","params":"","query":"","url":"/api/user/validate"},"timestamp":"2023-03-16 22:19:21"}
{"level":"info","message":{"body":{"email":"willypruebas6@gmail.com","password":"EFGHIJK"},"method":"POST","params":"","query":"","url":"/api/user/validate"},"timestamp":"2023-03-16 22:19:49"}
{"level":"info","message":{"body":{"email":"willypruebs6@gmail.com","password":"EFGHIJK"},"method":"POST","params":"","query":"","url":"/api/user/validate"},"timestamp":"2023-03-16 22:20:01"}
{"level":"info","message":{"body":{"email":"willypruebas6@gmail.com","password":"EFGHIJK"},"method":"POST","params":"","query":"","url":"/api/user/validate"},"timestamp":"2023-03-16 22:20:22"}
{"level":"info","message":{"body":{"email":"willypruebas6@gmail.com","password":"EFGHIJK"},"method":"POST","params":"","query":"","url":"/api/user/validate"},"timestamp":"2023-03-16 22:20:39"}
{"level":"info","message":{"body":{"email":"willypruebas6@gmail.com","password":"EFGHIJK"},"method":"POST","params":"","query":"","url":"/api/user/validate"},"timestamp":"2023-03-16 22:21:00"}
{"level":"info","message":{"body":{"email":"willypruebas6@gmail.coms","password":"EFGHIJK"},"method":"POST","params":"","query":"","url":"/api/user/validate"},"timestamp":"2023-03-16 22:21:03"}
{"level":"info","message":{"body":{"email":"willypruebas6@gmail.com","password":"EFGHIJK"},"method":"POST","params":"","query":"","url":"/api/user/validate"},"timestamp":"2023-03-17 01:14:48"}
{"level":"info","message":{"body":{"address":"Rivas 820","district":"Santiago","email":"Kevin@gmail.com","maternallastname":"Perez","name":"Kevin","password":"957902342","paternallastname":"Rodas","phone":"+56982597210","rut":"957902342-5"},"method":"POST","params":"","query":"","url":"/api/user/create"},"timestamp":"2023-03-17 02:49:52"}
{"level":"info","message":{"body":"","method":"GET","params":{},"query":{},"url":"/api/user/getAll"},"timestamp":"2023-03-17 02:50:51"}
{"level":"info","message":{"body":"","method":"GET","params":{},"query":{},"url":"/api/person/getById/ea95c8af-c522-4916-9de8-484a0cbc2e8d"},"timestamp":"2023-03-17 02:51:42"}
{"level":"error","message":{"error":false,"model":"person/getById"},"timestamp":"2023-03-17 02:51:43"}
{"level":"info","message":{"body":"","method":"GET","params":{},"query":{},"url":"/api/person/getByRut/17.612.460-1"},"timestamp":"2023-03-17 02:52:05"}
{"level":"info","message":{"body":"","method":"GET","params":{},"query":{},"url":"/api/person/getAll"},"timestamp":"2023-03-17 02:52:32"}
{"level":"info","message":{"body":"","method":"GET","params":{},"query":{},"url":"/api/person/getById/31a43aad-0255-403c-bd9f-1246bb0802d0"},"timestamp":"2023-03-17 02:53:00"}
{"level":"info","message":{"body":"","method":"GET","params":{},"query":{},"url":"/api/user/getAll"},"timestamp":"2023-03-17 02:53:23"}
{"level":"info","message":{"body":{"address":"Rivas 820","district":"Santiago","email":"Kevin@gmail.com","maternallastname":"Perez","name":"Kevin","password":"957902342","paternallastname":"Rodas","phone":"+56982597210","rut":"957902342-5"},"method":"POST","params":"","query":"","url":"/api/user/create"},"timestamp":"2023-03-17 02:57:30"}
{"level":"info","message":{"body":{"email":"kevin@gmail.com","password":"957902342"},"method":"POST","params":"","query":"","url":"/api/user/validate"},"timestamp":"2023-03-17 02:58:09"}
{"level":"info","message":{"body":{"email":"kevin@gmail.com","password":"957902342..."},"method":"POST","params":"","query":"","url":"/api/user/validate"},"timestamp":"2023-03-17 02:58:16"}
{"level":"info","message":{"body":{"email":"Kevin@gmail.com","password":"957902342"},"method":"POST","params":"","query":"","url":"/api/user/validate"},"timestamp":"2023-03-17 02:59:00"}
{"level":"info","message":{"body":{"address":"Condor 1107","district":"Santiago","email":"willyabadquispehuamani@gmail.com","maternallastname":"Huamani","name":"Willy","password":"Abad957902342...","paternallastname":"Quispe","phone":"+56982597210","rut":"27648009-k"},"method":"POST","params":"","query":"","url":"/api/user/create"},"timestamp":"2023-03-17 17:39:36"}
{"level":"info","message":{"body":{"email":"willypruebas6@gmail.com","password":"EFGHIJK"},"method":"POST","params":"","query":"","url":"/api/user/validate"},"timestamp":"2023-03-17 17:39:53"}
{"level":"info","message":{"body":{"email":"Willyabadquispehuamani@gmail.com","password":"EFGHIJK"},"method":"POST","params":"","query":"","url":"/api/user/validate"},"timestamp":"2023-03-17 17:40:15"}
{"level":"info","message":{"body":{"email":"Willyabadquispehuamani@gmail.com","password":"Abad957902342..."},"method":"POST","params":"","query":"","url":"/api/user/validate"},"timestamp":"2023-03-17 17:40:24"}
{"level":"info","message":{"body":{"email":"Willyabadquispehuamani@gmail.com","password":"Abad957902342..."},"method":"POST","params":"","query":"","url":"/api/user/validate"},"timestamp":"2023-03-17 17:40:33"}
{"level":"info","message":{"body":{"email":"Willyabadquispehuamani@gmail.com","password":"Abad957902342.."},"method":"POST","params":"","query":"","url":"/api/user/validate"},"timestamp":"2023-03-17 17:40:38"}
{"level":"info","message":{"body":{"email":"willyabadquispehuamani@gmail.com","password":"Abad957902342.."},"method":"POST","params":"","query":"","url":"/api/user/validate"},"timestamp":"2023-03-17 17:40:56"}
{"level":"info","message":{"body":"","method":"GET","params":{},"query":{},"url":"/api/person/getByEmail/willyababquispehuamani@gmail.com"},"timestamp":"2023-03-17 17:43:31"}
{"level":"error","message":{"error":false,"model":"person/getByEmail"},"timestamp":"2023-03-17 17:43:32"}
{"level":"info","message":{"body":"","method":"GET","params":{},"query":{},"url":"/api/user/getAll"},"timestamp":"2023-03-17 17:43:51"}
{"level":"info","message":{"body":"","method":"GET","params":{},"query":{},"url":"/api/person/getAll"},"timestamp":"2023-03-17 17:44:10"}
{"level":"info","message":{"body":"","method":"GET","params":{},"query":{},"url":"/api/person/getByEmail/willyabadquispehuamani@gmail.com"},"timestamp":"2023-03-17 17:44:49"}
{"level":"info","message":{"body":{"email":"willyabadquispehuamani@gmail.com","password":"Abad957902342..."},"method":"POST","params":"","query":"","url":"/api/user/validate"},"timestamp":"2023-03-17 17:46:02"}
{"level":"info","message":{"body":"","method":"GET","params":{},"query":{},"url":"/api/person/getByEmail/willyabadquispehuamani@gmsail.com"},"timestamp":"2023-03-17 17:59:31"}
{"level":"error","message":{"error":false,"model":"person/getByEmail"},"timestamp":"2023-03-17 17:59:32"}
