{"level":"info","message":{"body":{"address":"Santiago","district":"San Miguel","email":"willypruebas6@gmail.com","maternallastname":"Huamani","name":"Abad","password":"willy","paternallastname":"Quispe","phone":"+569 4988 5135","rut":"95790234-8"},"method":"POST","params":"","query":"","url":"/api/user/create"},"timestamp":"2023-03-22 22:15:09"}
{"level":"info","message":{"body":{"address":"Santiago","district":"San Miguel","email":"willypruebas6@gmail.com","maternallastname":"Huamani","name":"Abad","password":"willy","paternallastname":"Quispe","phone":"+569 4988 5135","rut":"95790234-8"},"method":"POST","params":"","query":"","url":"/api/user/create"},"timestamp":"2023-03-22 22:17:27"}
{"level":"info","message":{"body":{"address":"Santiago","district":"San Miguel","email":"willypruebas6@gmail.com","maternallastname":"Huamani","name":"Abad","password":"willy","paternallastname":"Quispe","phone":"+569 4988 5135","rut":"95790234-8"},"method":"POST","params":"","query":"","url":"/api/user/create"},"timestamp":"2023-03-22 22:20:42"}
{"level":"info","message":{"body":{"address":"Santiago","district":"San Miguel","email":"willypruebas6@gmail.com","maternallastname":"Huamani","name":"Abad","password":"willy","paternallastname":"Quispe","phone":"+569 4988 5135","rut":"95790234-8"},"method":"POST","params":"","query":"","url":"/api/user/create"},"timestamp":"2023-03-22 22:22:51"}
{"level":"info","message":{"body":{"address":"Santiago","district":"San Miguel","email":"willypruebas6@gmail.com","maternallastname":"Huamani","name":"Abad","password":"willy","paternallastname":"Quispe","phone":"+569 4988 5135","rut":"95790234-8"},"method":"POST","params":"","query":"","url":"/api/user/create"},"timestamp":"2023-03-22 22:26:02"}
{"level":"info","message":{"body":"","method":"GET","params":{},"query":{},"url":"/api/user/getAll"},"timestamp":"2023-03-22 22:26:42"}
{"level":"info","message":{"body":{"address":"Santiago","district":"San","email":"willypruebas6@gmail.com","maternallastname":"Huamani","name":"Abad","password":"willy","paternallastname":"Quispe","phone":"+569 4988 5135","rut":"95790234-8"},"method":"POST","params":"","query":"","url":"/api/user/create"},"timestamp":"2023-03-22 22:28:36"}
{"level":"info","message":{"body":"","method":"GET","params":{},"query":{},"url":"/api/person/getAll"},"timestamp":"2023-03-22 22:29:32"}
{"level":"info","message":{"body":"","method":"GET","params":{},"query":{},"url":"/api/user/getAll"},"timestamp":"2023-03-22 22:44:51"}
{"level":"info","message":{"body":"","method":"GET","params":{},"query":{},"url":"/api/user/getById/enzzo@serviclick.cl"},"timestamp":"2023-03-22 22:45:16"}
{"level":"info","message":{"body":{"email":"willyabadquispehuamani@gmail.com","password":"Abad957902342..."},"method":"POST","params":"","query":"","url":"/api/user/validate"},"timestamp":"2023-03-22 22:47:01"}
{"level":"info","message":{"body":{"email":"willyabadquispehuamani@gmail.com","password":"Abad957902342..."},"method":"POST","params":"","query":"","url":"/api/user/validate"},"timestamp":"2023-03-22 22:47:34"}
{"level":"info","message":{"body":"","method":"GET","params":{},"query":{},"url":"/api/user/getById/enzzo@serviclick.cl"},"timestamp":"2023-03-22 22:48:25"}
{"level":"info","message":{"body":{"email":"willyabadquispehuamani@gmail.com","password":"Abad957902342..."},"method":"POST","params":"","query":"","url":"/api/user/validate"},"timestamp":"2023-03-22 22:48:54"}
{"level":"info","message":{"body":{"email":"willyabadquispehuamani@gmail.com","password":"Abad957902342..."},"method":"POST","params":"","query":"","url":"/api/user/validate"},"timestamp":"2023-03-22 22:49:26"}
{"level":"info","message":{"body":{"email":"willyabadquispehuamani@gmail.com","password":"957902342"},"method":"POST","params":"","query":"","url":"/api/user/validate"},"timestamp":"2023-03-22 22:49:36"}
{"level":"info","message":{"body":{"email":"willyabadquispehuamani@gmail.com","password":"957902342"},"method":"POST","params":"","query":"","url":"/api/user/validate"},"timestamp":"2023-03-22 22:49:57"}
{"level":"info","message":{"body":{"email":"willyabadquispehuamani@gmail.com","password":"95790234"},"method":"POST","params":"","query":"","url":"/api/user/validate"},"timestamp":"2023-03-22 22:50:16"}
{"level":"info","message":{"body":{"email":"willyabadquispehuamani@gmail.com","password":"957902342"},"method":"POST","params":"","query":"","url":"/api/user/validate"},"timestamp":"2023-03-22 22:50:24"}
{"level":"info","message":{"body":"","method":"GET","params":{},"query":{},"url":"/api/person/getAll"},"timestamp":"2023-03-22 22:52:25"}
{"level":"info","message":{"body":"","method":"PUT","params":{},"query":"","url":"/api/user/assignPassword/2c84e8a3-82a7-49f6-a43d-94efdee3d14d"},"timestamp":"2023-03-22 22:54:46"}
{"level":"info","message":{"body":"","method":"GET","params":{},"query":{},"url":"/api/user/getAll"},"timestamp":"2023-03-22 22:54:52"}
{"level":"info","message":{"body":"","method":"PUT","params":{},"query":"","url":"/api/user/assignPassword/enzzo@serviclick.cl"},"timestamp":"2023-03-22 22:55:11"}
{"level":"info","message":{"body":"","method":"PUT","params":{},"query":"","url":"/api/user/assignPassword/enzzo@serviclick.cl"},"timestamp":"2023-03-22 22:56:51"}
{"level":"info","message":{"body":"","method":"PUT","params":{},"query":"","url":"/api/user/assignPassword/6e81504c-8a88-4ab1-ae53-9587ff64182b"},"timestamp":"2023-03-22 22:57:34"}
{"level":"info","message":{"body":"","method":"PUT","params":{},"query":"","url":"/api/user/assignPassword/6e81504c-8a88-4ab1-ae53-9587ff64182b"},"timestamp":"2023-03-22 22:59:22"}
{"level":"info","message":{"body":"","method":"PUT","params":{},"query":"","url":"/api/user/assignPassword/6e81504c-8a88-4ab1-ae53-9587ff64182b"},"timestamp":"2023-03-22 23:00:38"}
{"level":"info","message":{"body":"","method":"PUT","params":{},"query":"","url":"/api/user/assignPassword/6e81504c-8a88-4ab1-ae53-9587ff64182"},"timestamp":"2023-03-22 23:00:49"}
{"level":"info","message":{"body":"","method":"PUT","params":{},"query":"","url":"/api/user/assignPassword/6e81504c-8a88-4ab1-ae53-9587ff64182"},"timestamp":"2023-03-22 23:01:44"}
{"level":"info","message":{"body":"","method":"GET","params":{},"query":{},"url":"/api/person/getAll"},"timestamp":"2023-03-22 23:05:19"}
{"level":"info","message":{"body":"","method":"GET","params":{},"query":{},"url":"/api/person/getAll"},"timestamp":"2023-03-22 23:06:35"}
{"level":"info","message":{"body":"","method":"GET","params":{},"query":{},"url":"/api/person/getAll"},"timestamp":"2023-03-22 23:07:17"}
{"level":"info","message":{"body":"","method":"GET","params":{},"query":{},"url":"/api/person/getAll"},"timestamp":"2023-03-22 23:07:38"}
{"level":"info","message":{"body":"","method":"PUT","params":{},"query":"","url":"/api/user/assignPassword/6e81504c-8a88-4ab1-ae53-9587ff64182"},"timestamp":"2023-03-22 23:10:51"}
{"level":"info","message":{"body":"","method":"PUT","params":{},"query":"","url":"/api/user/assignPassword/6e81504c-8a88-4ab1-ae53-9587ff64182"},"timestamp":"2023-03-22 23:11:28"}
{"level":"info","message":{"body":"","method":"PUT","params":{},"query":"","url":"/api/user/assignPassword/30fe0adb-6e04-44e8-b6b9-c5b828c61858"},"timestamp":"2023-03-22 23:12:20"}
{"level":"info","message":{"body":{"email":"willyabadquispehuamani@gmail.com","password":"957902342"},"method":"POST","params":"","query":"","url":"/api/user/validate"},"timestamp":"2023-03-23 17:39:35"}
{"level":"info","message":{"body":{"email":"willyabadquispehuamani@gmail.com","password":"95790232"},"method":"POST","params":"","query":"","url":"/api/user/validate"},"timestamp":"2023-03-23 17:39:48"}
{"level":"info","message":{"body":{"email":"willyabadquispehuamani@gmail.com","password":"957902342"},"method":"POST","params":"","query":"","url":"/api/user/validate"},"timestamp":"2023-03-23 17:43:51"}
{"level":"info","message":{"body":{"email":"willyabadquispehuamani@gmail.com","password":"957902342"},"method":"POST","params":"","query":"","url":"/api/user/validate"},"timestamp":"2023-03-23 17:44:04"}
{"level":"info","message":{"body":{"email":"willyabadquispehuamani@gmail.com","password":"957902342"},"method":"POST","params":"","query":"","url":"/api/user/validate"},"timestamp":"2023-03-23 17:45:38"}
{"level":"info","message":{"body":{"email":"willyabadquispehuamani@gmail.com","password":"957902342"},"method":"POST","params":"","query":"","url":"/api/user/validate"},"timestamp":"2023-03-23 17:48:23"}
{"level":"info","message":{"body":{"email":"willyabadquispehuamani@gmail.com","password":"957902342"},"method":"POST","params":"","query":"","url":"/api/user/validate"},"timestamp":"2023-03-23 17:49:15"}
{"level":"info","message":{"body":{"email":"willyabadquispehuamani@gmail.com","password":"957902342"},"method":"POST","params":"","query":"","url":"/api/user/validate"},"timestamp":"2023-03-23 17:49:45"}
{"level":"info","message":{"body":{"email":"willyabadquispehuamani@gmail.com","password":"957902342"},"method":"POST","params":"","query":"","url":"/api/user/validate"},"timestamp":"2023-03-23 17:49:59"}
{"level":"info","message":{"body":{"email":"willyabadquispehuamani@gmail.com","password":"957902342"},"method":"POST","params":"","query":"","url":"/api/user/validate"},"timestamp":"2023-03-23 18:03:11"}
{"level":"info","message":{"body":{"email":"willyabadquispehuamani@gmail.com","password":"957902342"},"method":"POST","params":"","query":"","url":"/api/user/validate"},"timestamp":"2023-03-23 18:03:36"}
{"level":"info","message":{"body":{"email":"willyabadquispehuamani@gmail.com","password":"957902342"},"method":"POST","params":"","query":"","url":"/api/user/validate"},"timestamp":"2023-03-23 18:03:51"}
{"level":"info","message":{"body":{"email":"willyabadquispehuamani@gmail.com","password":"957902342"},"method":"POST","params":"","query":"","url":"/api/user/validate"},"timestamp":"2023-03-23 18:04:22"}
{"level":"info","message":{"body":{"email":"willyabadquispehuamani@gmail.com","password":"957902342"},"method":"POST","params":"","query":"","url":"/api/user/validate"},"timestamp":"2023-03-23 18:07:23"}
{"level":"info","message":{"body":{"email":"willyabadquispehuamani@gmail.com","password":"957902342"},"method":"POST","params":"","query":"","url":"/api/user/validate"},"timestamp":"2023-03-23 18:07:41"}
{"level":"info","message":{"body":{"email":"willyabadquispehuamani@gmail.com","password":"957902342"},"method":"POST","params":"","query":"","url":"/api/user/validate"},"timestamp":"2023-03-23 18:07:51"}
{"level":"info","message":{"body":{"email":"willyabadquispehuamani@gmail.com","password":"957902342"},"method":"POST","params":"","query":"","url":"/api/user/validate"},"timestamp":"2023-03-23 18:09:34"}
{"level":"info","message":{"body":{"email":"willyabadquispehuamani@gmail.com","password":"957902342"},"method":"POST","params":"","query":"","url":"/api/user/validate"},"timestamp":"2023-03-23 18:10:14"}
{"level":"info","message":{"body":{"email":"willyabadquispehuamani@gmail.com","password":"95790234"},"method":"POST","params":"","query":"","url":"/api/user/validate"},"timestamp":"2023-03-23 18:10:20"}
{"level":"info","message":{"body":{"email":"willyabadquispehuamani@gmail.com","password":"957902342"},"method":"POST","params":"","query":"","url":"/api/user/validate"},"timestamp":"2023-03-23 18:11:00"}
{"level":"info","message":{"body":{"email":"willyabadquispehuamani@gmail.com","password":"957902342"},"method":"POST","params":"","query":"","url":"/api/user/validate"},"timestamp":"2023-03-23 18:12:22"}
{"level":"info","message":{"body":{"email":"willyabadquispehuamani@gmail.com","password":"957902342"},"method":"POST","params":"","query":"","url":"/api/user/validate"},"timestamp":"2023-03-23 18:12:48"}
{"level":"info","message":{"body":{"email":"willyabadquispehuamani@gmail.com","password":"9579023"},"method":"POST","params":"","query":"","url":"/api/user/validate"},"timestamp":"2023-03-23 18:14:36"}
{"level":"info","message":{"body":{"email":"willyabadquispehuamani@gmail.com","password":"9579"},"method":"POST","params":"","query":"","url":"/api/user/validate"},"timestamp":"2023-03-23 18:14:58"}
{"level":"info","message":{"body":{"email":"willyabadquispehuamani@gmail.com","password":"444"},"method":"POST","params":"","query":"","url":"/api/user/validate"},"timestamp":"2023-03-23 18:17:15"}
{"level":"info","message":{"body":{"email":"willyabadquispehuamani@gmail.com","password":"957902342"},"method":"POST","params":"","query":"","url":"/api/user/validate"},"timestamp":"2023-03-23 18:17:28"}
{"level":"info","message":{"body":{"email":"willyabadquispehuamani@gmail.com","password":"77777"},"method":"POST","params":"","query":"","url":"/api/user/validate"},"timestamp":"2023-03-23 18:20:15"}
{"level":"info","message":{"body":{"email":"willyabadquispehuamani@gmail.com","password":"957902342"},"method":"POST","params":"","query":"","url":"/api/user/validate"},"timestamp":"2023-03-23 18:21:42"}
{"level":"info","message":{"body":{"email":"willyabadquispehuamani@gmail.com","password":"957902342"},"method":"POST","params":"","query":"","url":"/api/user/validate"},"timestamp":"2023-03-23 18:22:01"}
{"level":"info","message":{"body":{"email":"willyabadquispehuamani@gmail.com","password":"957902342"},"method":"POST","params":"","query":"","url":"/api/user/validate"},"timestamp":"2023-03-23 18:22:45"}
{"level":"info","message":{"body":{"email":"willyabadquispehuamani@gmail.com","password":"95790234"},"method":"POST","params":"","query":"","url":"/api/user/validate"},"timestamp":"2023-03-23 18:22:49"}
{"level":"info","message":{"body":{"email":"willyabadquispehuamani@gmail.com","password":"asas"},"method":"POST","params":"","query":"","url":"/api/user/validate"},"timestamp":"2023-03-23 18:23:17"}
{"level":"info","message":{"body":{"email":"willyabadquispehuamani@gmail.com","password":"asas"},"method":"POST","params":"","query":"","url":"/api/user/validate"},"timestamp":"2023-03-23 18:23:20"}
{"level":"info","message":{"body":{"email":"willyabadquispehuamani@gmail.com","password":"957902342"},"method":"POST","params":"","query":"","url":"/api/user/validate"},"timestamp":"2023-03-23 18:23:26"}
{"level":"info","message":{"body":{"address":"Rivas 820","district":"Santiago","email":"quispeabadquispe@gmail.com","maternallastname":"Huamani","name":"Sand","password":"957902342","paternallastname":"Quispe","phone":"982597210","rut":"27.648.009-k"},"method":"POST","params":"","query":"","url":"/api/user/create"},"timestamp":"2023-03-23 18:39:17"}
{"level":"info","message":{"body":{"address":"Rivas 820","district":"Santiago","email":"quispeabadquispe@gmail.com","maternallastname":"Huamani","name":"Sand","password":"957902342","paternallastname":"Quispe","phone":"982597210","rut":"27.648.009-k"},"method":"POST","params":"","query":"","url":"/api/user/create"},"timestamp":"2023-03-23 18:39:55"}
{"level":"info","message":{"body":{"address":"Rivas 820","district":"Santiago","email":"Quispeabadquispe@gmail.com","maternallastname":"Humani","name":"Sand","password":"957902342","paternallastname":"Quispe","phone":"982597210","rut":"27.648.009-k"},"method":"POST","params":"","query":"","url":"/api/user/create"},"timestamp":"2023-03-23 18:41:13"}
{"level":"info","message":{"body":{"address":"Rivas 820","district":"Santiago","email":"Quispeabadquispe@gmail.com","maternallastname":"Humani","name":"Sand","password":"957902342","paternallastname":"Quispe","phone":"982597210","rut":"27.648.009-k"},"method":"POST","params":"","query":"","url":"/api/user/create"},"timestamp":"2023-03-23 18:41:33"}
{"level":"info","message":{"body":{"address":"Rivas 820","district":"Santiago","email":"quispeabadquispe@gmail.com","maternallastname":"huamani","name":"Mario","password":"957902342","paternallastname":"quispe","phone":"957902342","rut":"27.648.009-k"},"method":"POST","params":"","query":"","url":"/api/user/create"},"timestamp":"2023-03-23 18:43:44"}
{"level":"info","message":{"body":{"email":"quispeabadquispe@gmail.com","password":"957902342"},"method":"POST","params":"","query":"","url":"/api/user/validate"},"timestamp":"2023-03-23 18:44:04"}
{"level":"info","message":{"body":{"email":"","password":""},"method":"POST","params":"","query":"","url":"/api/user/validate"},"timestamp":"2023-03-23 18:45:07"}
{"level":"info","message":{"body":{"email":"","password":""},"method":"POST","params":"","query":"","url":"/api/user/validate"},"timestamp":"2023-03-23 18:45:14"}
{"level":"info","message":{"body":{"email":"","password":""},"method":"POST","params":"","query":"","url":"/api/user/validate"},"timestamp":"2023-03-23 18:46:50"}
{"level":"info","message":{"body":{"email":"","password":""},"method":"POST","params":"","query":"","url":"/api/user/validate"},"timestamp":"2023-03-23 18:47:41"}
{"level":"info","message":{"body":{"email":"","password":""},"method":"POST","params":"","query":"","url":"/api/user/validate"},"timestamp":"2023-03-23 18:48:31"}
{"level":"info","message":{"body":{"email":"","password":""},"method":"POST","params":"","query":"","url":"/api/user/validate"},"timestamp":"2023-03-23 18:52:14"}
{"level":"info","message":{"body":{"email":"","password":""},"method":"POST","params":"","query":"","url":"/api/user/validate"},"timestamp":"2023-03-23 18:53:04"}
{"level":"info","message":{"body":{"email":"","password":""},"method":"POST","params":"","query":"","url":"/api/user/validate"},"timestamp":"2023-03-23 18:54:50"}
{"level":"info","message":{"body":{"email":"","password":""},"method":"POST","params":"","query":"","url":"/api/user/validate"},"timestamp":"2023-03-23 18:56:08"}
{"level":"info","message":{"body":{"email":"","password":""},"method":"POST","params":"","query":"","url":"/api/user/validate"},"timestamp":"2023-03-23 18:56:38"}
{"level":"info","message":{"body":{"email":"","password":""},"method":"POST","params":"","query":"","url":"/api/user/validate"},"timestamp":"2023-03-23 18:56:41"}
{"level":"info","message":{"body":{"email":"","password":""},"method":"POST","params":"","query":"","url":"/api/user/validate"},"timestamp":"2023-03-23 18:56:43"}
{"level":"info","message":{"body":{"email":"","password":""},"method":"POST","params":"","query":"","url":"/api/user/validate"},"timestamp":"2023-03-23 18:57:41"}
{"level":"info","message":{"body":{"email":"willyabadquispehuamani@gmail.com","password":"957902342"},"method":"POST","params":"","query":"","url":"/api/user/validate"},"timestamp":"2023-03-23 19:01:27"}
{"level":"info","message":{"body":{"email":"willyabadquispehuamani@gmail.com","password":"957902342"},"method":"POST","params":"","query":"","url":"/api/user/validate"},"timestamp":"2023-03-23 19:02:14"}
{"level":"info","message":{"body":{"email":"quispeabadquispe@gmail.com","password":"asasd"},"method":"POST","params":"","query":"","url":"/api/user/validate"},"timestamp":"2023-03-23 19:04:28"}
{"level":"info","message":{"body":{"email":"willyabadquispehuamani@gmail.com","password":"957902342"},"method":"POST","params":"","query":"","url":"/api/user/validate"},"timestamp":"2023-03-23 19:04:49"}
{"level":"info","message":{"body":{"email":"willyabadquispehuamani@gmail.com","password":"957902342"},"method":"POST","params":"","query":"","url":"/api/user/validate"},"timestamp":"2023-03-23 19:05:03"}
{"level":"info","message":{"body":{"email":"willyabadquispehuamani@gmail.com","password":"957902342"},"method":"POST","params":"","query":"","url":"/api/user/validate"},"timestamp":"2023-03-23 19:05:08"}
{"level":"info","message":{"body":{"email":"willyabadquispehuamani@gmail.com","password":"957902342"},"method":"POST","params":"","query":"","url":"/api/user/validate"},"timestamp":"2023-03-23 19:05:10"}
{"level":"info","message":{"body":{"email":"willyabadquispehuamani@gmail.com","password":"957902342"},"method":"POST","params":"","query":"","url":"/api/user/validate"},"timestamp":"2023-03-23 19:05:29"}
{"level":"info","message":{"body":{"email":"willyabadquispehuamani@gmail.com","password":"957902342"},"method":"POST","params":"","query":"","url":"/api/user/validate"},"timestamp":"2023-03-23 19:10:55"}
{"level":"info","message":{"body":{"email":"willyabadquispehuamani@gmail.com","password":"957902342"},"method":"POST","params":"","query":"","url":"/api/user/validate"},"timestamp":"2023-03-23 19:11:58"}
{"level":"info","message":{"body":{"email":"willyabadquispehuamani@gmail.com","password":"957902342"},"method":"POST","params":"","query":"","url":"/api/user/validate"},"timestamp":"2023-03-23 19:14:51"}
{"level":"info","message":{"body":{"email":"willyabadquispehuamani@gmail.com","password":"957902342"},"method":"POST","params":"","query":"","url":"/api/user/validate"},"timestamp":"2023-03-23 19:15:30"}
{"level":"info","message":{"body":{"email":"willyabadquispehuamani@gmail.com","password":"957902342"},"method":"POST","params":"","query":"","url":"/api/user/validate"},"timestamp":"2023-03-23 19:16:53"}
{"level":"info","message":{"body":{"email":"willyabadquispehuamani@gmail.com","password":"957902342"},"method":"POST","params":"","query":"","url":"/api/user/validate"},"timestamp":"2023-03-23 19:17:26"}
{"level":"info","message":{"body":{"email":"willyabadquispehuamani@gmail.com","password":"957902342"},"method":"POST","params":"","query":"","url":"/api/user/validate"},"timestamp":"2023-03-23 19:17:48"}
{"level":"info","message":{"body":"","method":"PUT","params":{},"query":"","url":"/api/user/assignPassword/30fe0adb-6e04-44e8-b6b9-c5b828c61858"},"timestamp":"2023-03-23 19:18:02"}
{"level":"info","message":{"body":{"email":"quispeabadquispe@gmail.com","password":"957902342"},"method":"POST","params":"","query":"","url":"/api/user/validate"},"timestamp":"2023-03-23 19:18:24"}
{"level":"info","message":{"body":{"email":"quispeabadquispe@gmail.com","password":"957902342"},"method":"POST","params":"","query":"","url":"/api/user/validate"},"timestamp":"2023-03-23 19:20:16"}
{"level":"info","message":{"body":{"email":"quispeabadquispe@gmail.com","password":"957902342"},"method":"POST","params":"","query":"","url":"/api/user/validate"},"timestamp":"2023-03-23 19:21:24"}
{"level":"info","message":{"body":{"email":"quispeabadquispe@gmail.com","password":"957902342"},"method":"POST","params":"","query":"","url":"/api/user/validate"},"timestamp":"2023-03-23 19:21:56"}
{"level":"info","message":{"body":{"email":"quispeabadquispe@gmail.com","password":"957902342"},"method":"POST","params":"","query":"","url":"/api/user/validate"},"timestamp":"2023-03-23 19:22:32"}
{"level":"info","message":{"body":{"email":"quispeabadquispe@gmail.com","password":"957902342"},"method":"POST","params":"","query":"","url":"/api/user/validate"},"timestamp":"2023-03-23 19:23:09"}
{"level":"info","message":{"body":{"email":"quispeabadquispe@gmail.com","password":"95790234"},"method":"POST","params":"","query":"","url":"/api/user/validate"},"timestamp":"2023-03-23 19:23:16"}
{"level":"info","message":{"body":{"email":"","password":""},"method":"POST","params":"","query":"","url":"/api/user/validate"},"timestamp":"2023-03-23 19:23:40"}
{"level":"info","message":{"body":{"email":"quispeabadquispe@gmail.com","password":"957902342"},"method":"POST","params":"","query":"","url":"/api/user/validate"},"timestamp":"2023-03-23 19:23:49"}
{"level":"info","message":{"body":{"address":"Rivas 820","district":"Santiago","email":"willyabadquispehuamani@gmail.com","maternallastname":"Humani","name":"Willy","password":"957902342","paternallastname":"Quispe","phone":"982597210","rut":"27.648.009-k"},"method":"POST","params":"","query":"","url":"/api/user/create"},"timestamp":"2023-03-23 19:25:23"}
{"level":"info","message":{"body":{"email":"willyabadquispehuamani@gmail.com","password":"957902342"},"method":"POST","params":"","query":"","url":"/api/user/validate"},"timestamp":"2023-03-23 19:25:49"}
{"level":"info","message":{"body":{"email":"quispeabadquispe@gmail.com","password":"957902342"},"method":"POST","params":"","query":"","url":"/api/user/validate"},"timestamp":"2023-03-23 19:27:46"}
{"level":"info","message":{"body":{"email":"quispeabadquispe@gmail.com","password":"957902342"},"method":"POST","params":"","query":"","url":"/api/user/validate"},"timestamp":"2023-03-23 19:27:50"}
{"level":"info","message":{"body":{"email":"quispeabadquispe@gmail.com","password":"957902342"},"method":"POST","params":"","query":"","url":"/api/user/validate"},"timestamp":"2023-03-23 19:27:51"}
{"level":"info","message":{"body":{"email":"willyabadquispehuamani@gmail.com","password":"957902342"},"method":"POST","params":"","query":"","url":"/api/user/validate"},"timestamp":"2023-03-23 19:28:02"}
{"level":"info","message":{"body":{"email":"willyabadquispehuamani@gmail.com","password":"957902342"},"method":"POST","params":"","query":"","url":"/api/user/validate"},"timestamp":"2023-03-23 19:30:00"}
{"level":"info","message":{"body":{"email":"willyabadquispehuamani@gmail.com","password":"957902342"},"method":"POST","params":"","query":"","url":"/api/user/validate"},"timestamp":"2023-03-23 19:31:43"}
{"level":"info","message":{"body":{"email":"willyabadquispehuamani@gmail.com","password":"957902342"},"method":"POST","params":"","query":"","url":"/api/user/validate"},"timestamp":"2023-03-23 19:32:47"}
{"level":"info","message":{"body":{"email":"willyabadquispehuamani@gmail.com","password":"957902342"},"method":"POST","params":"","query":"","url":"/api/user/validate"},"timestamp":"2023-03-23 19:34:00"}
